191023 182905.314|CONFIG|main|setFileHandlers|Now logging to /home/cathy/Desktop/Judge/ITSA/ITSA_Login_3/bin/logs directory.
191023 182905.319|INFO|main|info|
191023 182905.329|INFO|main|info|Version 9.5.3 20180207 (Wednesday, February 7th 2018 04:25 UTC) Java ver 11.0.4 build 4653 Linux 5.0.0-32-generic (amd64) 
191023 182905.330|INFO|main|startLog|Working directory is /home/cathy/Desktop/Judge/ITSA/ITSA_Login_3/bin
191023 182905.422|INFO|main|startLog|Process id is 7780@cathy-StudentA
191023 182905.423|INFO|main|start|Starting ConnectionManager...
191023 182905.602|INFO|main|start|Started ConnectionManager
191023 182905.604|INFO|main|setClientServerAndPort|INIFile File location: file:/home/cathy/Desktop/Judge/ITSA/ITSA_Login_3/bin/pc2v9.ini
191023 182905.605|INFO|main|setClientServerAndPort|setClientServerAndPort 140.116.245.84 parsed as 140.116.245.84 port 50002
191023 182905.605|INFO|main|info|Contacting server at 140.116.245.84:50002
191023 182905.606|INFO|main|connectToMyServer|Connecting to 140.116.245.84:50002
191023 182905.788|INFO|Thread-0|receiveUnencrypted|receiveUnencrypted(TransportWrapper, ConnectionHandlerID=Socket[addr=/140.116.245.84,port=50002,localport=60194]--1747896498891595571)
191023 182905.864|INFO|Thread-0|receiveUnencrypted|receiveUnencrypted Made a secret key for Socket[addr=/140.116.245.84,port=50002,localport=60194]--1747896498891595571 key is com.sun.crypto.provider.DESKey@fffe7b16
191023 182905.864|INFO|Thread-0|getPublicKeyPacket|Generating Unencrypted Public Key Packet
191023 182905.866|INFO|Thread-0|getPublicKeyPacket|checking key:= SunJCE Diffie-Hellman Public Key:
y:
    100787de c01c27ce b3663c86 4ba100ea a98257a8 2e8e6e3c e7eab7a7 dc2a5e89
    93348fab c8fca37c f4c7db61 a408c2f7 dbf61d4e 3ba07c3d 116e0a42 0912788c
    5c70bfa0 dfdf9678 cbb672bd 2dcab25d 17a8dae7 a6aa2acc 900e74f3 7e5463be
    52556b85 106ac5d8 34ed291f c5000c1e 6300f107 e1537a1d 7b9c32e3 2f39b1a8
p:
    f488fd58 4e49dbcd 20b49de4 9107366b 336c380d 451d0f7c 88b31c7c 5b2d8ef6
    f3c923c0 43f0a55b 188d8ebb 558cb85d 38d334fd 7c175743 a31d186c de33212c
    b52aff3c e1b12940 18118d7c 84a70a72 d686c403 19c80729 7aca950c d9969fab
    d00a509b 0246d308 3d66a45d 419f9c7c bd894b22 1926baab a25ec355 e92f78c7
g:
    02
l:
    512
191023 182905.867|INFO|Thread-0|getPublicKeyPacket|packet:= edu.csus.ecs.pc2.core.transport.TransportWrapper@4200cd9
191023 190758.809|INFO|Thread-0|receive|SocketException in receive for Socket[addr=/140.116.245.84,port=50002,localport=60194]--1747896498891595571
|java.net.SocketException: Connection reset
|    at java.net.SocketInputStream.read (SocketInputStream.java:186)
|    at java.net.SocketInputStream.read (SocketInputStream.java:140)
|    at java.net.SocketInputStream.read (SocketInputStream.java:200)
|    at java.io.ObjectInputStream$PeekInputStream.peek (ObjectInputStream.java:2723)
|    at java.io.ObjectInputStream$BlockDataInputStream.peek (ObjectInputStream.java:3050)
|    at java.io.ObjectInputStream$BlockDataInputStream.peekByte (ObjectInputStream.java:3060)
|    at java.io.ObjectInputStream.readObject0 (ObjectInputStream.java:1561)
|    at java.io.ObjectInputStream.readObject (ObjectInputStream.java:430)
|    at edu.csus.ecs.pc2.core.transport.ConnectionHandlerThread.receive (ConnectionHandlerThread.java:151)
|    at edu.csus.ecs.pc2.core.transport.ConnectionHandlerClientThread.run (ConnectionHandlerClientThread.java:65)
191023 190758.812|FINER|Thread-0|run|THROW
|edu.csus.ecs.pc2.core.transport.TransportException: Connection reset
|    at edu.csus.ecs.pc2.core.transport.ConnectionHandlerThread.receive (ConnectionHandlerThread.java:155)
|    at edu.csus.ecs.pc2.core.transport.ConnectionHandlerClientThread.run (ConnectionHandlerClientThread.java:65)
